
*** Running vivado
    with args -log arbiter_behavioral_2cons_lowPri.vdi -applog -m64 -messageDb vivado.pb -mode batch -source arbiter_behavioral_2cons_lowPri.tcl -notrace

WARNING: Default location for XILINX_VIVADO_HLS not found: 

****** Vivado v2015.2 (64-bit)
  **** SW Build 1266856 on Fri Jun 26 16:35:25 MDT 2015
  **** IP Build 1264090 on Wed Jun 24 14:22:01 MDT 2015
    ** Copyright 1986-2015 Xilinx, Inc. All Rights Reserved.

source arbiter_behavioral_2cons_lowPri.tcl -notrace
Design is defaulting to srcset: sources_1
Design is defaulting to constrset: constrs_1
INFO: [Netlist 29-17] Analyzing 4 Unisim elements for replacement
INFO: [Netlist 29-28] Unisim Transformation completed in 0 CPU seconds
INFO: [Project 1-479] Netlist was created with Vivado 2015.2
INFO: [Device 21-403] Loading part xc7a200tfbg676-2
INFO: [Project 1-570] Preparing netlist for logic optimization
INFO: [Opt 31-138] Pushed 0 inverter(s) to 0 load pin(s).
INFO: [Project 1-111] Unisim Transformation Summary:
No Unisim elements were transformed.

link_design: Time (s): cpu = 00:00:05 ; elapsed = 00:00:06 . Memory (MB): peak = 483.207 ; gain = 284.266
Command: opt_design
Attempting to get a license for feature 'Implementation' and/or device 'xc7a200t'
INFO: [Common 17-349] Got license for feature 'Implementation' and/or device 'xc7a200t'
INFO: [Common 17-1223] The version limit for your license is '2015.07' and will expire in -62 days. A version limit expiration means that, although you may be able to continue to use the current version of tools or IP with this license, you will not be eligible for any updates or new releases.
Running DRC as a precondition to command opt_design

Starting DRC Task
INFO: [DRC 23-27] Running DRC with 2 threads
INFO: [Project 1-461] DRC finished with 0 Errors
INFO: [Project 1-462] Please refer to the DRC report (report_drc) for more information.

Time (s): cpu = 00:00:00 ; elapsed = 00:00:00.195 . Memory (MB): peak = 488.023 ; gain = 1.734
INFO: [Timing 38-35] Done setting XDC timing constraints.

Starting Logic Optimization Task

Phase 1 Retarget

INFO: [Opt 31-138] Pushed 0 inverter(s) to 0 load pin(s).
INFO: [Opt 31-49] Retargeted 0 cell(s).
Phase 1 Retarget | Checksum: 111dd5af5

Time (s): cpu = 00:00:00 ; elapsed = 00:00:00.005 . Memory (MB): peak = 954.000 ; gain = 0.000

Phase 2 Constant Propagation
INFO: [Opt 31-138] Pushed 0 inverter(s) to 0 load pin(s).
INFO: [Opt 31-10] Eliminated 0 cells.
Phase 2 Constant Propagation | Checksum: 111dd5af5

Time (s): cpu = 00:00:00 ; elapsed = 00:00:00.007 . Memory (MB): peak = 954.000 ; gain = 0.000

Phase 3 Sweep
INFO: [Opt 31-12] Eliminated 0 unconnected nets.
INFO: [Opt 31-11] Eliminated 0 unconnected cells.
Phase 3 Sweep | Checksum: 111dd5af5

Time (s): cpu = 00:00:00 ; elapsed = 00:00:00.008 . Memory (MB): peak = 954.000 ; gain = 0.000

Starting Connectivity Check Task

Time (s): cpu = 00:00:00 ; elapsed = 00:00:00.001 . Memory (MB): peak = 954.000 ; gain = 0.000
Ending Logic Optimization Task | Checksum: 111dd5af5

Time (s): cpu = 00:00:00 ; elapsed = 00:00:00.010 . Memory (MB): peak = 954.000 ; gain = 0.000
Implement Debug Cores | Checksum: 111dd5af5
Logic Optimization | Checksum: 111dd5af5

Starting Power Optimization Task
INFO: [Pwropt 34-132] Skipping clock gating for clocks with a period < 3.13 ns.
Ending Power Optimization Task | Checksum: 111dd5af5

Time (s): cpu = 00:00:00 ; elapsed = 00:00:00.027 . Memory (MB): peak = 954.000 ; gain = 0.000
INFO: [Common 17-83] Releasing license: Implementation
21 Infos, 0 Warnings, 0 Critical Warnings and 0 Errors encountered.
opt_design completed successfully
opt_design: Time (s): cpu = 00:00:18 ; elapsed = 00:00:19 . Memory (MB): peak = 954.000 ; gain = 470.793
INFO: [DRC 23-27] Running DRC with 2 threads
INFO: [Coretcl 2-168] The results of DRC are in file C:/Users/dhorvath/git/eecs/eecs645/hw2/arbiter_behavioral_2cons_lowPri/arbiter_behavioral_2cons_lowPri.runs/impl_1/arbiter_behavioral_2cons_lowPri_drc_opted.rpt.
INFO: [#UNDEF] Cannot write hardware definition file as there are no IPI block design hardware handoff files present
Command: place_design
Attempting to get a license for feature 'Implementation' and/or device 'xc7a200t'
INFO: [Common 17-349] Got license for feature 'Implementation' and/or device 'xc7a200t'
INFO: [Common 17-1223] The version limit for your license is '2015.07' and will expire in -62 days. A version limit expiration means that, although you may be able to continue to use the current version of tools or IP with this license, you will not be eligible for any updates or new releases.
INFO: [DRC 23-27] Running DRC with 2 threads
INFO: [Vivado_Tcl 4-198] DRC finished with 0 Errors
INFO: [Vivado_Tcl 4-199] Please refer to the DRC report (report_drc) for more information.
Running DRC as a precondition to command place_design
INFO: [DRC 23-27] Running DRC with 2 threads
INFO: [Vivado_Tcl 4-198] DRC finished with 0 Errors
INFO: [Vivado_Tcl 4-199] Please refer to the DRC report (report_drc) for more information.

Starting Placer Task
INFO: [Place 30-611] Multithreading enabled for place_design using a maximum of 2 CPUs

Phase 1 Placer Runtime Estimator
Phase 1 Placer Runtime Estimator | Checksum: 2b78af57

Time (s): cpu = 00:00:00 ; elapsed = 00:00:00.091 . Memory (MB): peak = 965.289 ; gain = 0.000

Phase 2 Placer Initialization
Netlist sorting complete. Time (s): cpu = 00:00:00 ; elapsed = 00:00:00 . Memory (MB): peak = 965.289 ; gain = 0.000
Netlist sorting complete. Time (s): cpu = 00:00:00 ; elapsed = 00:00:00 . Memory (MB): peak = 965.289 ; gain = 0.000

Phase 2.1 IO Placement/ Clock Placement/ Build Placer Device

Phase 2.1.1 Pre-Place Cells
Phase 2.1.1 Pre-Place Cells | Checksum: 00000000

Time (s): cpu = 00:00:00 ; elapsed = 00:00:00.155 . Memory (MB): peak = 965.289 ; gain = 0.000
INFO: [Timing 38-35] Done setting XDC timing constraints.

Phase 2.1.2 IO & Clk Clean Up
Phase 2.1.2 IO & Clk Clean Up | Checksum: 00000000

Time (s): cpu = 00:00:02 ; elapsed = 00:00:02 . Memory (MB): peak = 998.016 ; gain = 32.727

Phase 2.1.3 Implementation Feasibility check On IDelay
Phase 2.1.3 Implementation Feasibility check On IDelay | Checksum: 00000000

Time (s): cpu = 00:00:02 ; elapsed = 00:00:02 . Memory (MB): peak = 998.016 ; gain = 32.727

Phase 2.1.4 Commit IO Placement
Phase 2.1.4 Commit IO Placement | Checksum: b635c8b1

Time (s): cpu = 00:00:02 ; elapsed = 00:00:02 . Memory (MB): peak = 998.016 ; gain = 32.727
Phase 2.1 IO Placement/ Clock Placement/ Build Placer Device | Checksum: f0619b09

Time (s): cpu = 00:00:02 ; elapsed = 00:00:02 . Memory (MB): peak = 998.016 ; gain = 32.727

Phase 2.2 Build Placer Netlist Model

Phase 2.2.1 Place Init Design
Phase 2.2.1 Place Init Design | Checksum: 191d117b7

Time (s): cpu = 00:00:02 ; elapsed = 00:00:03 . Memory (MB): peak = 998.016 ; gain = 32.727
Phase 2.2 Build Placer Netlist Model | Checksum: 191d117b7

Time (s): cpu = 00:00:02 ; elapsed = 00:00:03 . Memory (MB): peak = 998.016 ; gain = 32.727

Phase 2.3 Constrain Clocks/Macros

Phase 2.3.1 Constrain Global/Regional Clocks
Phase 2.3.1 Constrain Global/Regional Clocks | Checksum: 191d117b7

Time (s): cpu = 00:00:02 ; elapsed = 00:00:03 . Memory (MB): peak = 998.016 ; gain = 32.727
Phase 2.3 Constrain Clocks/Macros | Checksum: 191d117b7

Time (s): cpu = 00:00:02 ; elapsed = 00:00:03 . Memory (MB): peak = 998.016 ; gain = 32.727
Phase 2 Placer Initialization | Checksum: 191d117b7

Time (s): cpu = 00:00:02 ; elapsed = 00:00:03 . Memory (MB): peak = 998.016 ; gain = 32.727

Phase 3 Global Placement
Phase 3 Global Placement | Checksum: 1b7394bd6

Time (s): cpu = 00:00:03 ; elapsed = 00:00:03 . Memory (MB): peak = 998.016 ; gain = 32.727

Phase 4 Detail Placement

Phase 4.1 Commit Multi Column Macros
Phase 4.1 Commit Multi Column Macros | Checksum: 1b7394bd6

Time (s): cpu = 00:00:03 ; elapsed = 00:00:03 . Memory (MB): peak = 998.016 ; gain = 32.727

Phase 4.2 Commit Most Macros & LUTRAMs
Phase 4.2 Commit Most Macros & LUTRAMs | Checksum: 105f2cb94

Time (s): cpu = 00:00:03 ; elapsed = 00:00:03 . Memory (MB): peak = 998.016 ; gain = 32.727

Phase 4.3 Area Swap Optimization
Phase 4.3 Area Swap Optimization | Checksum: 16e4efc53

Time (s): cpu = 00:00:03 ; elapsed = 00:00:03 . Memory (MB): peak = 998.016 ; gain = 32.727

Phase 4.4 Small Shape Detail Placement

Phase 4.4.1 Commit Small Macros & Core Logic

Phase 4.4.1.1 Commit Slice Clusters
Phase 4.4.1.1 Commit Slice Clusters | Checksum: 14d60da6d

Time (s): cpu = 00:00:07 ; elapsed = 00:00:06 . Memory (MB): peak = 998.016 ; gain = 32.727
Phase 4.4.1 Commit Small Macros & Core Logic | Checksum: 14d60da6d

Time (s): cpu = 00:00:07 ; elapsed = 00:00:06 . Memory (MB): peak = 998.016 ; gain = 32.727

Phase 4.4.2 Clock Restriction Legalization for Leaf Columns
Phase 4.4.2 Clock Restriction Legalization for Leaf Columns | Checksum: 14d60da6d

Time (s): cpu = 00:00:07 ; elapsed = 00:00:06 . Memory (MB): peak = 998.016 ; gain = 32.727

Phase 4.4.3 Clock Restriction Legalization for Non-Clock Pins
Phase 4.4.3 Clock Restriction Legalization for Non-Clock Pins | Checksum: 14d60da6d

Time (s): cpu = 00:00:07 ; elapsed = 00:00:06 . Memory (MB): peak = 998.016 ; gain = 32.727
Phase 4.4 Small Shape Detail Placement | Checksum: 14d60da6d

Time (s): cpu = 00:00:07 ; elapsed = 00:00:06 . Memory (MB): peak = 998.016 ; gain = 32.727

Phase 4.5 Re-assign LUT pins
Phase 4.5 Re-assign LUT pins | Checksum: 14d60da6d

Time (s): cpu = 00:00:07 ; elapsed = 00:00:06 . Memory (MB): peak = 998.016 ; gain = 32.727
Phase 4 Detail Placement | Checksum: 14d60da6d

Time (s): cpu = 00:00:07 ; elapsed = 00:00:06 . Memory (MB): peak = 998.016 ; gain = 32.727

Phase 5 Post Placement Optimization and Clean-Up

Phase 5.1 PCOPT Shape updates
Phase 5.1 PCOPT Shape updates | Checksum: c11ddfc5

Time (s): cpu = 00:00:07 ; elapsed = 00:00:06 . Memory (MB): peak = 998.016 ; gain = 32.727

Phase 5.2 Post Commit Optimization
Phase 5.2 Post Commit Optimization | Checksum: c11ddfc5

Time (s): cpu = 00:00:07 ; elapsed = 00:00:06 . Memory (MB): peak = 998.016 ; gain = 32.727

Phase 5.3 Sweep Clock Roots: Post-Placement
Phase 5.3 Sweep Clock Roots: Post-Placement | Checksum: c11ddfc5

Time (s): cpu = 00:00:07 ; elapsed = 00:00:06 . Memory (MB): peak = 998.016 ; gain = 32.727

Phase 5.4 Post Placement Cleanup
Phase 5.4 Post Placement Cleanup | Checksum: c11ddfc5

Time (s): cpu = 00:00:07 ; elapsed = 00:00:06 . Memory (MB): peak = 998.016 ; gain = 32.727

Phase 5.5 Placer Reporting
Phase 5.5 Placer Reporting | Checksum: c11ddfc5

Time (s): cpu = 00:00:07 ; elapsed = 00:00:06 . Memory (MB): peak = 998.016 ; gain = 32.727

Phase 5.6 Final Placement Cleanup
Phase 5.6 Final Placement Cleanup | Checksum: 19aada7bf

Time (s): cpu = 00:00:07 ; elapsed = 00:00:06 . Memory (MB): peak = 998.016 ; gain = 32.727
Phase 5 Post Placement Optimization and Clean-Up | Checksum: 19aada7bf

Time (s): cpu = 00:00:07 ; elapsed = 00:00:06 . Memory (MB): peak = 998.016 ; gain = 32.727
Ending Placer Task | Checksum: 126586930

Time (s): cpu = 00:00:07 ; elapsed = 00:00:06 . Memory (MB): peak = 998.016 ; gain = 32.727
INFO: [Common 17-83] Releasing license: Implementation
35 Infos, 0 Warnings, 0 Critical Warnings and 0 Errors encountered.
place_design completed successfully
place_design: Time (s): cpu = 00:00:09 ; elapsed = 00:00:07 . Memory (MB): peak = 998.016 ; gain = 34.770
Writing placer database...
Writing XDEF routing.
Writing XDEF routing logical nets.
Writing XDEF routing special nets.
Write XDEF Complete: Time (s): cpu = 00:00:00 ; elapsed = 00:00:00.398 . Memory (MB): peak = 998.016 ; gain = 0.000
report_io: Time (s): cpu = 00:00:00 ; elapsed = 00:00:00.124 . Memory (MB): peak = 998.016 ; gain = 0.000
report_utilization: Time (s): cpu = 00:00:01 ; elapsed = 00:00:00.121 . Memory (MB): peak = 998.016 ; gain = 0.000
report_control_sets: Time (s): cpu = 00:00:00 ; elapsed = 00:00:00.003 . Memory (MB): peak = 998.016 ; gain = 0.000
Command: route_design
Attempting to get a license for feature 'Implementation' and/or device 'xc7a200t'
INFO: [Common 17-349] Got license for feature 'Implementation' and/or device 'xc7a200t'
INFO: [Common 17-1223] The version limit for your license is '2015.07' and will expire in -62 days. A version limit expiration means that, although you may be able to continue to use the current version of tools or IP with this license, you will not be eligible for any updates or new releases.
Running DRC as a precondition to command route_design
INFO: [DRC 23-27] Running DRC with 2 threads
INFO: [Vivado_Tcl 4-198] DRC finished with 0 Errors
INFO: [Vivado_Tcl 4-199] Please refer to the DRC report (report_drc) for more information.


Starting Routing Task
INFO: [Route 35-254] Multithreading enabled for route_design using a maximum of 2 CPUs

Phase 1 Build RT Design
Phase 1 Build RT Design | Checksum: ccb7e89b

Time (s): cpu = 00:01:44 ; elapsed = 00:01:33 . Memory (MB): peak = 1195.277 ; gain = 197.262

Phase 2 Router Initialization
INFO: [Route 35-64] No timing constraints were detected. The router will operate in resource-optimization mode.

Phase 2.1 Pre Route Cleanup
Phase 2.1 Pre Route Cleanup | Checksum: ccb7e89b

Time (s): cpu = 00:01:44 ; elapsed = 00:01:33 . Memory (MB): peak = 1199.934 ; gain = 201.918
 Number of Nodes with overlaps = 0
Phase 2 Router Initialization | Checksum: 4a3f563b

Time (s): cpu = 00:01:45 ; elapsed = 00:01:34 . Memory (MB): peak = 1208.625 ; gain = 210.609

Phase 3 Initial Routing
Phase 3 Initial Routing | Checksum: 13e1bd4d2

Time (s): cpu = 00:01:45 ; elapsed = 00:01:34 . Memory (MB): peak = 1208.625 ; gain = 210.609

Phase 4 Rip-up And Reroute

Phase 4.1 Global Iteration 0
 Number of Nodes with overlaps = 0
Phase 4.1 Global Iteration 0 | Checksum: 19560b77b

Time (s): cpu = 00:01:45 ; elapsed = 00:01:34 . Memory (MB): peak = 1208.625 ; gain = 210.609
Phase 4 Rip-up And Reroute | Checksum: 19560b77b

Time (s): cpu = 00:01:45 ; elapsed = 00:01:34 . Memory (MB): peak = 1208.625 ; gain = 210.609

Phase 5 Delay and Skew Optimization
Phase 5 Delay and Skew Optimization | Checksum: 19560b77b

Time (s): cpu = 00:01:45 ; elapsed = 00:01:34 . Memory (MB): peak = 1208.625 ; gain = 210.609

Phase 6 Post Hold Fix
Phase 6 Post Hold Fix | Checksum: 19560b77b

Time (s): cpu = 00:01:45 ; elapsed = 00:01:34 . Memory (MB): peak = 1208.625 ; gain = 210.609

Phase 7 Route finalize

Router Utilization Summary
  Global Vertical Routing Utilization    = 0.000141715 %
  Global Horizontal Routing Utilization  = 0.000330469 %
  Routable Net Status*
  *Does not include unroutable nets such as driverless and loadless.
  Run report_route_status for detailed report.
  Number of Failed Nets               = 0
  Number of Unrouted Nets             = 0
  Number of Partially Routed Nets     = 0
  Number of Node Overlaps             = 0

Congestion Report
North Dir 1x1 Area, Max Cong = 1.8018%, No Congested Regions.
South Dir 1x1 Area, Max Cong = 0%, No Congested Regions.
East Dir 1x1 Area, Max Cong = 2.94118%, No Congested Regions.
West Dir 1x1 Area, Max Cong = 4.41176%, No Congested Regions.
Phase 7 Route finalize | Checksum: 19560b77b

Time (s): cpu = 00:01:45 ; elapsed = 00:01:34 . Memory (MB): peak = 1208.625 ; gain = 210.609

Phase 8 Verifying routed nets

 Verification completed successfully
Phase 8 Verifying routed nets | Checksum: 19560b77b

Time (s): cpu = 00:01:45 ; elapsed = 00:01:34 . Memory (MB): peak = 1208.625 ; gain = 210.609

Phase 9 Depositing Routes
Phase 9 Depositing Routes | Checksum: 102bdc671

Time (s): cpu = 00:01:45 ; elapsed = 00:01:34 . Memory (MB): peak = 1208.625 ; gain = 210.609
INFO: [Route 35-16] Router Completed Successfully

Time (s): cpu = 00:01:45 ; elapsed = 00:01:34 . Memory (MB): peak = 1208.625 ; gain = 210.609

Routing Is Done.
INFO: [Common 17-83] Releasing license: Implementation
44 Infos, 0 Warnings, 0 Critical Warnings and 0 Errors encountered.
route_design completed successfully
route_design: Time (s): cpu = 00:01:46 ; elapsed = 00:01:36 . Memory (MB): peak = 1208.625 ; gain = 210.609
Writing placer database...
Writing XDEF routing.
Writing XDEF routing logical nets.
Writing XDEF routing special nets.
Write XDEF Complete: Time (s): cpu = 00:00:01 ; elapsed = 00:00:00.066 . Memory (MB): peak = 1208.625 ; gain = 0.000
INFO: [DRC 23-27] Running DRC with 2 threads
INFO: [Coretcl 2-168] The results of DRC are in file C:/Users/dhorvath/git/eecs/eecs645/hw2/arbiter_behavioral_2cons_lowPri/arbiter_behavioral_2cons_lowPri.runs/impl_1/arbiter_behavioral_2cons_lowPri_drc_routed.rpt.
INFO: [Timing 38-91] UpdateTimingParams: Speed grade: -2, Delay Type: min_max.
INFO: [Timing 38-191] Multithreading enabled for timing update using a maximum of 2 CPUs
WARNING: [Timing 38-313] There are no user specified timing constraints. Timing constraints are needed for proper timing analysis.
WARNING: [Power 33-232] No user defined clocks were found in the design!
Resolution: Please specify clocks using create_clock/create_generated_clock for sequential elements. For pure combinatorial circuits, please specify a virtual clock, otherwise the vectorless estimation might be inaccurate
Running Vector-less Activity Propagation...

Finished Running Vector-less Activity Propagation
INFO: [Common 17-206] Exiting Vivado at Thu Oct 01 09:51:24 2015...
