
*** Running vivado
    with args -log IM.vds -m64 -mode batch -messageDb vivado.pb -notrace -source IM.tcl

WARNING: Default location for XILINX_VIVADO_HLS not found: 

****** Vivado v2015.2 (64-bit)
  **** SW Build 1266856 on Fri Jun 26 16:35:25 MDT 2015
  **** IP Build 1264090 on Wed Jun 24 14:22:01 MDT 2015
    ** Copyright 1986-2015 Xilinx, Inc. All Rights Reserved.

source IM.tcl -notrace
Command: synth_design -top IM -part xc7a200tfbg676-2
Starting synth_design
Attempting to get a license for feature 'Synthesis' and/or device 'xc7a200t'
INFO: [Common 17-349] Got license for feature 'Synthesis' and/or device 'xc7a200t'
INFO: [Common 17-86] Your Synthesis license expires in 12 day(s)
INFO: [Common 17-1223] The version limit for your license is '2015.07' and will expire in -83 days. A version limit expiration means that, although you may be able to continue to use the current version of tools or IP with this license, you will not be eligible for any updates or new releases.
---------------------------------------------------------------------------------
Starting Synthesize : Time (s): cpu = 00:00:04 ; elapsed = 00:00:05 . Memory (MB): peak = 245.047 ; gain = 67.461
---------------------------------------------------------------------------------
INFO: [Synth 8-638] synthesizing module 'IM' [C:/Users/dhorvath/git/eecs/eecs645/03_MIPS_Instruction_Memory/im_struct.vhd:14]
WARNING: [Synth 8-614] signal 'mem' is read in the process but is not in the sensitivity list [C:/Users/dhorvath/git/eecs/eecs645/03_MIPS_Instruction_Memory/im_struct.vhd:72]
INFO: [Synth 8-256] done synthesizing module 'IM' (1#1) [C:/Users/dhorvath/git/eecs/eecs645/03_MIPS_Instruction_Memory/im_struct.vhd:14]
WARNING: [Synth 8-3331] design IM has unconnected port ReadAddress[31]
WARNING: [Synth 8-3331] design IM has unconnected port ReadAddress[30]
WARNING: [Synth 8-3331] design IM has unconnected port ReadAddress[29]
WARNING: [Synth 8-3331] design IM has unconnected port ReadAddress[28]
WARNING: [Synth 8-3331] design IM has unconnected port ReadAddress[27]
WARNING: [Synth 8-3331] design IM has unconnected port ReadAddress[26]
WARNING: [Synth 8-3331] design IM has unconnected port ReadAddress[25]
WARNING: [Synth 8-3331] design IM has unconnected port ReadAddress[24]
WARNING: [Synth 8-3331] design IM has unconnected port ReadAddress[23]
WARNING: [Synth 8-3331] design IM has unconnected port ReadAddress[22]
WARNING: [Synth 8-3331] design IM has unconnected port ReadAddress[21]
WARNING: [Synth 8-3331] design IM has unconnected port ReadAddress[20]
WARNING: [Synth 8-3331] design IM has unconnected port ReadAddress[19]
WARNING: [Synth 8-3331] design IM has unconnected port ReadAddress[18]
WARNING: [Synth 8-3331] design IM has unconnected port ReadAddress[17]
WARNING: [Synth 8-3331] design IM has unconnected port ReadAddress[16]
WARNING: [Synth 8-3331] design IM has unconnected port ReadAddress[15]
WARNING: [Synth 8-3331] design IM has unconnected port ReadAddress[14]
WARNING: [Synth 8-3331] design IM has unconnected port ReadAddress[13]
WARNING: [Synth 8-3331] design IM has unconnected port ReadAddress[12]
WARNING: [Synth 8-3331] design IM has unconnected port ReadAddress[11]
WARNING: [Synth 8-3331] design IM has unconnected port ReadAddress[10]
WARNING: [Synth 8-3331] design IM has unconnected port ReadAddress[9]
WARNING: [Synth 8-3331] design IM has unconnected port ReadAddress[8]
WARNING: [Synth 8-3331] design IM has unconnected port ReadAddress[7]
WARNING: [Synth 8-3331] design IM has unconnected port ReadAddress[6]
---------------------------------------------------------------------------------
Finished Synthesize : Time (s): cpu = 00:00:05 ; elapsed = 00:00:06 . Memory (MB): peak = 279.293 ; gain = 101.707
---------------------------------------------------------------------------------
---------------------------------------------------------------------------------
Finished Constraint Validation : Time (s): cpu = 00:00:05 ; elapsed = 00:00:06 . Memory (MB): peak = 279.293 ; gain = 101.707
---------------------------------------------------------------------------------
---------------------------------------------------------------------------------
Start Loading Part and Timing Information
---------------------------------------------------------------------------------
Loading part: xc7a200tfbg676-2
---------------------------------------------------------------------------------
Finished Loading Part and Timing Information : Time (s): cpu = 00:00:05 ; elapsed = 00:00:06 . Memory (MB): peak = 279.293 ; gain = 101.707
---------------------------------------------------------------------------------
INFO: [Device 21-403] Loading part xc7a200tfbg676-2
---------------------------------------------------------------------------------
Finished RTL Optimization Phase 2 : Time (s): cpu = 00:00:05 ; elapsed = 00:00:06 . Memory (MB): peak = 286.617 ; gain = 109.031
---------------------------------------------------------------------------------

Report RTL Partitions: 
+-+--------------+------------+----------+
| |RTL Partition |Replication |Instances |
+-+--------------+------------+----------+
+-+--------------+------------+----------+
No constraint files found.
---------------------------------------------------------------------------------
Start RTL Component Statistics 
---------------------------------------------------------------------------------
Detailed RTL Component Info : 
+---Muxes : 
	  40 Input     32 Bit        Muxes := 1     
---------------------------------------------------------------------------------
Finished RTL Component Statistics 
---------------------------------------------------------------------------------
---------------------------------------------------------------------------------
Start RTL Hierarchical Component Statistics 
---------------------------------------------------------------------------------
Hierarchical RTL Component report 
Module IM 
Detailed RTL Component Info : 
+---Muxes : 
	  40 Input     32 Bit        Muxes := 1     
---------------------------------------------------------------------------------
Finished RTL Hierarchical Component Statistics
---------------------------------------------------------------------------------
---------------------------------------------------------------------------------
Start Part Resource Summary
---------------------------------------------------------------------------------
Part Resources:
DSPs: 740 (col length:100)
BRAMs: 730 (col length: RAMB18 100 RAMB36 50)
---------------------------------------------------------------------------------
Finished Part Resource Summary
---------------------------------------------------------------------------------
Start Parallel Synthesis Optimization  : Time (s): cpu = 00:00:08 ; elapsed = 00:00:09 . Memory (MB): peak = 451.766 ; gain = 274.180
---------------------------------------------------------------------------------
Start Cross Boundary Optimization
---------------------------------------------------------------------------------
WARNING: [Synth 8-3917] design IM has port Instruction[30] driven by constant 0
WARNING: [Synth 8-3331] design IM has unconnected port ReadAddress[31]
WARNING: [Synth 8-3331] design IM has unconnected port ReadAddress[30]
WARNING: [Synth 8-3331] design IM has unconnected port ReadAddress[29]
WARNING: [Synth 8-3331] design IM has unconnected port ReadAddress[28]
WARNING: [Synth 8-3331] design IM has unconnected port ReadAddress[27]
WARNING: [Synth 8-3331] design IM has unconnected port ReadAddress[26]
WARNING: [Synth 8-3331] design IM has unconnected port ReadAddress[25]
WARNING: [Synth 8-3331] design IM has unconnected port ReadAddress[24]
WARNING: [Synth 8-3331] design IM has unconnected port ReadAddress[23]
WARNING: [Synth 8-3331] design IM has unconnected port ReadAddress[22]
WARNING: [Synth 8-3331] design IM has unconnected port ReadAddress[21]
WARNING: [Synth 8-3331] design IM has unconnected port ReadAddress[20]
WARNING: [Synth 8-3331] design IM has unconnected port ReadAddress[19]
WARNING: [Synth 8-3331] design IM has unconnected port ReadAddress[18]
WARNING: [Synth 8-3331] design IM has unconnected port ReadAddress[17]
WARNING: [Synth 8-3331] design IM has unconnected port ReadAddress[16]
WARNING: [Synth 8-3331] design IM has unconnected port ReadAddress[15]
WARNING: [Synth 8-3331] design IM has unconnected port ReadAddress[14]
WARNING: [Synth 8-3331] design IM has unconnected port ReadAddress[13]
WARNING: [Synth 8-3331] design IM has unconnected port ReadAddress[12]
WARNING: [Synth 8-3331] design IM has unconnected port ReadAddress[11]
WARNING: [Synth 8-3331] design IM has unconnected port ReadAddress[10]
WARNING: [Synth 8-3331] design IM has unconnected port ReadAddress[9]
WARNING: [Synth 8-3331] design IM has unconnected port ReadAddress[8]
WARNING: [Synth 8-3331] design IM has unconnected port ReadAddress[7]
WARNING: [Synth 8-3331] design IM has unconnected port ReadAddress[6]
---------------------------------------------------------------------------------
Finished Cross Boundary Optimization : Time (s): cpu = 00:00:08 ; elapsed = 00:00:09 . Memory (MB): peak = 453.051 ; gain = 275.465
---------------------------------------------------------------------------------
Finished Parallel Reinference  : Time (s): cpu = 00:00:08 ; elapsed = 00:00:09 . Memory (MB): peak = 453.051 ; gain = 275.465

Report RTL Partitions: 
+-+--------------+------------+----------+
| |RTL Partition |Replication |Instances |
+-+--------------+------------+----------+
+-+--------------+------------+----------+
No constraint files found.
---------------------------------------------------------------------------------
Start Area Optimization
---------------------------------------------------------------------------------
---------------------------------------------------------------------------------
Finished Area Optimization : Time (s): cpu = 00:00:09 ; elapsed = 00:00:10 . Memory (MB): peak = 473.801 ; gain = 296.215
---------------------------------------------------------------------------------
Finished Parallel Area Optimization  : Time (s): cpu = 00:00:09 ; elapsed = 00:00:10 . Memory (MB): peak = 473.801 ; gain = 296.215

Report RTL Partitions: 
+-+--------------+------------+----------+
| |RTL Partition |Replication |Instances |
+-+--------------+------------+----------+
+-+--------------+------------+----------+
Finished Parallel Synthesis Optimization  : Time (s): cpu = 00:00:09 ; elapsed = 00:00:10 . Memory (MB): peak = 473.801 ; gain = 296.215
---------------------------------------------------------------------------------
Start Timing Optimization
---------------------------------------------------------------------------------
No constraint files found.
---------------------------------------------------------------------------------
Finished Timing Optimization : Time (s): cpu = 00:00:09 ; elapsed = 00:00:10 . Memory (MB): peak = 473.801 ; gain = 296.215
---------------------------------------------------------------------------------

Report RTL Partitions: 
+-+--------------+------------+----------+
| |RTL Partition |Replication |Instances |
+-+--------------+------------+----------+
+-+--------------+------------+----------+
---------------------------------------------------------------------------------
Start Technology Mapping
---------------------------------------------------------------------------------
---------------------------------------------------------------------------------
Finished Technology Mapping : Time (s): cpu = 00:00:09 ; elapsed = 00:00:10 . Memory (MB): peak = 473.801 ; gain = 296.215
---------------------------------------------------------------------------------

Report RTL Partitions: 
+-+--------------+------------+----------+
| |RTL Partition |Replication |Instances |
+-+--------------+------------+----------+
+-+--------------+------------+----------+
---------------------------------------------------------------------------------
Start IO Insertion
---------------------------------------------------------------------------------
---------------------------------------------------------------------------------
Start Final Netlist Cleanup
---------------------------------------------------------------------------------
---------------------------------------------------------------------------------
Finished Final Netlist Cleanup
---------------------------------------------------------------------------------
---------------------------------------------------------------------------------
Finished IO Insertion : Time (s): cpu = 00:00:09 ; elapsed = 00:00:10 . Memory (MB): peak = 473.801 ; gain = 296.215
---------------------------------------------------------------------------------

Report Check Netlist: 
+------+------------------+-------+---------+-------+------------------+
|      |Item              |Errors |Warnings |Status |Description       |
+------+------------------+-------+---------+-------+------------------+
|1     |multi_driven_nets |      0|        0|Passed |Multi driven nets |
+------+------------------+-------+---------+-------+------------------+
---------------------------------------------------------------------------------
Start Renaming Generated Instances
---------------------------------------------------------------------------------
---------------------------------------------------------------------------------
Finished Renaming Generated Instances : Time (s): cpu = 00:00:09 ; elapsed = 00:00:10 . Memory (MB): peak = 473.801 ; gain = 296.215
---------------------------------------------------------------------------------

Report RTL Partitions: 
+-+--------------+------------+----------+
| |RTL Partition |Replication |Instances |
+-+--------------+------------+----------+
+-+--------------+------------+----------+
---------------------------------------------------------------------------------
Start Rebuilding User Hierarchy
---------------------------------------------------------------------------------
---------------------------------------------------------------------------------
Finished Rebuilding User Hierarchy : Time (s): cpu = 00:00:09 ; elapsed = 00:00:10 . Memory (MB): peak = 473.801 ; gain = 296.215
---------------------------------------------------------------------------------
---------------------------------------------------------------------------------
Start Renaming Generated Ports : Time (s): cpu = 00:00:09 ; elapsed = 00:00:10 . Memory (MB): peak = 473.801 ; gain = 296.215
---------------------------------------------------------------------------------
---------------------------------------------------------------------------------
Finished Renaming Generated Ports : Time (s): cpu = 00:00:09 ; elapsed = 00:00:10 . Memory (MB): peak = 473.801 ; gain = 296.215
---------------------------------------------------------------------------------
---------------------------------------------------------------------------------
Start Writing Synthesis Report
---------------------------------------------------------------------------------

Report BlackBoxes: 
+-+--------------+----------+
| |BlackBox name |Instances |
+-+--------------+----------+
+-+--------------+----------+

Report Cell Usage: 
+------+-----+------+
|      |Cell |Count |
+------+-----+------+
|1     |LUT2 |    15|
|2     |LUT3 |     2|
|3     |LUT4 |     4|
|4     |LUT5 |     8|
|5     |LUT6 |    25|
|6     |IBUF |     7|
|7     |OBUF |    32|
+------+-----+------+

Report Instance Areas: 
+------+---------+-------+------+
|      |Instance |Module |Cells |
+------+---------+-------+------+
|1     |top      |       |    93|
+------+---------+-------+------+
---------------------------------------------------------------------------------
Finished Writing Synthesis Report : Time (s): cpu = 00:00:09 ; elapsed = 00:00:10 . Memory (MB): peak = 473.801 ; gain = 296.215
---------------------------------------------------------------------------------
Synthesis finished with 0 errors, 0 critical warnings and 54 warnings.
Synthesis Optimization Runtime : Time (s): cpu = 00:00:08 ; elapsed = 00:00:08 . Memory (MB): peak = 473.801 ; gain = 278.754
Synthesis Optimization Complete : Time (s): cpu = 00:00:09 ; elapsed = 00:00:10 . Memory (MB): peak = 473.801 ; gain = 296.215
INFO: [Project 1-571] Translating synthesized netlist
INFO: [Netlist 29-17] Analyzing 7 Unisim elements for replacement
INFO: [Netlist 29-28] Unisim Transformation completed in 0 CPU seconds
INFO: [Project 1-570] Preparing netlist for logic optimization
INFO: [Opt 31-138] Pushed 0 inverter(s) to 0 load pin(s).
INFO: [Project 1-111] Unisim Transformation Summary:
No Unisim elements were transformed.

INFO: [Common 17-83] Releasing license: Synthesis
13 Infos, 54 Warnings, 0 Critical Warnings and 0 Errors encountered.
synth_design completed successfully
synth_design: Time (s): cpu = 00:00:10 ; elapsed = 00:00:10 . Memory (MB): peak = 532.328 ; gain = 341.641
report_utilization: Time (s): cpu = 00:00:00 ; elapsed = 00:00:00.073 . Memory (MB): peak = 532.328 ; gain = 0.000
INFO: [Common 17-206] Exiting Vivado at Thu Oct 22 20:48:53 2015...
