
*** Running vivado
    with args -log RegFile.vds -m64 -mode batch -messageDb vivado.pb -notrace -source RegFile.tcl

WARNING: Default location for XILINX_VIVADO_HLS not found: 

****** Vivado v2015.2 (64-bit)
  **** SW Build 1266856 on Fri Jun 26 16:35:25 MDT 2015
  **** IP Build 1264090 on Wed Jun 24 14:22:01 MDT 2015
    ** Copyright 1986-2015 Xilinx, Inc. All Rights Reserved.

source RegFile.tcl -notrace
Command: synth_design -top RegFile -part xc7a200tfbg676-2
Starting synth_design
Attempting to get a license for feature 'Synthesis' and/or device 'xc7a200t'
INFO: [Common 17-349] Got license for feature 'Synthesis' and/or device 'xc7a200t'
INFO: [Common 17-86] Your Synthesis license expires in 29 day(s)
INFO: [Common 17-1223] The version limit for your license is '2015.07' and will expire in -66 days. A version limit expiration means that, although you may be able to continue to use the current version of tools or IP with this license, you will not be eligible for any updates or new releases.
---------------------------------------------------------------------------------
Starting Synthesize : Time (s): cpu = 00:00:04 ; elapsed = 00:00:06 . Memory (MB): peak = 245.074 ; gain = 68.348
---------------------------------------------------------------------------------
INFO: [Synth 8-638] synthesizing module 'RegFile' [C:/Users/dhorvath/git/eecs/eecs645/HW03_source_files/01_MIPS_Register_File/regfile_struct.vhd:21]
INFO: [Synth 8-256] done synthesizing module 'RegFile' (1#1) [C:/Users/dhorvath/git/eecs/eecs645/HW03_source_files/01_MIPS_Register_File/regfile_struct.vhd:21]
---------------------------------------------------------------------------------
Finished Synthesize : Time (s): cpu = 00:00:05 ; elapsed = 00:00:08 . Memory (MB): peak = 279.301 ; gain = 102.574
---------------------------------------------------------------------------------
---------------------------------------------------------------------------------
Finished Constraint Validation : Time (s): cpu = 00:00:05 ; elapsed = 00:00:08 . Memory (MB): peak = 279.301 ; gain = 102.574
---------------------------------------------------------------------------------
---------------------------------------------------------------------------------
Start Loading Part and Timing Information
---------------------------------------------------------------------------------
Loading part: xc7a200tfbg676-2
INFO: [Device 21-403] Loading part xc7a200tfbg676-2
---------------------------------------------------------------------------------
Finished Loading Part and Timing Information : Time (s): cpu = 00:00:05 ; elapsed = 00:00:08 . Memory (MB): peak = 279.301 ; gain = 102.574
---------------------------------------------------------------------------------
INFO: [Synth 8-5546] ROM "reg_file_mem_reg[0]" won't be mapped to RAM because it is too sparse
INFO: [Synth 8-5546] ROM "reg_file_mem_reg[1]" won't be mapped to RAM because it is too sparse
INFO: [Synth 8-5546] ROM "reg_file_mem_reg[2]" won't be mapped to RAM because it is too sparse
INFO: [Synth 8-5546] ROM "reg_file_mem_reg[3]" won't be mapped to RAM because it is too sparse
INFO: [Synth 8-5546] ROM "reg_file_mem_reg[4]" won't be mapped to RAM because it is too sparse
INFO: [Synth 8-5546] ROM "reg_file_mem_reg[5]" won't be mapped to RAM because it is too sparse
INFO: [Synth 8-5546] ROM "reg_file_mem_reg[6]" won't be mapped to RAM because it is too sparse
INFO: [Synth 8-5546] ROM "reg_file_mem_reg[7]" won't be mapped to RAM because it is too sparse
INFO: [Synth 8-5546] ROM "reg_file_mem_reg[8]" won't be mapped to RAM because it is too sparse
INFO: [Synth 8-5546] ROM "reg_file_mem_reg[9]" won't be mapped to RAM because it is too sparse
INFO: [Synth 8-5546] ROM "reg_file_mem_reg[10]" won't be mapped to RAM because it is too sparse
INFO: [Synth 8-5546] ROM "reg_file_mem_reg[11]" won't be mapped to RAM because it is too sparse
INFO: [Synth 8-5546] ROM "reg_file_mem_reg[12]" won't be mapped to RAM because it is too sparse
INFO: [Synth 8-5546] ROM "reg_file_mem_reg[13]" won't be mapped to RAM because it is too sparse
INFO: [Synth 8-5546] ROM "reg_file_mem_reg[14]" won't be mapped to RAM because it is too sparse
INFO: [Synth 8-5546] ROM "reg_file_mem_reg[15]" won't be mapped to RAM because it is too sparse
INFO: [Synth 8-5546] ROM "reg_file_mem_reg[16]" won't be mapped to RAM because it is too sparse
INFO: [Synth 8-5546] ROM "reg_file_mem_reg[17]" won't be mapped to RAM because it is too sparse
INFO: [Synth 8-5546] ROM "reg_file_mem_reg[18]" won't be mapped to RAM because it is too sparse
INFO: [Synth 8-5546] ROM "reg_file_mem_reg[19]" won't be mapped to RAM because it is too sparse
INFO: [Synth 8-5546] ROM "reg_file_mem_reg[20]" won't be mapped to RAM because it is too sparse
INFO: [Synth 8-5546] ROM "reg_file_mem_reg[21]" won't be mapped to RAM because it is too sparse
INFO: [Synth 8-5546] ROM "reg_file_mem_reg[22]" won't be mapped to RAM because it is too sparse
INFO: [Synth 8-5546] ROM "reg_file_mem_reg[23]" won't be mapped to RAM because it is too sparse
INFO: [Synth 8-5546] ROM "reg_file_mem_reg[24]" won't be mapped to RAM because it is too sparse
INFO: [Synth 8-5546] ROM "reg_file_mem_reg[25]" won't be mapped to RAM because it is too sparse
INFO: [Synth 8-5546] ROM "reg_file_mem_reg[26]" won't be mapped to RAM because it is too sparse
INFO: [Synth 8-5546] ROM "reg_file_mem_reg[27]" won't be mapped to RAM because it is too sparse
INFO: [Synth 8-5546] ROM "reg_file_mem_reg[28]" won't be mapped to RAM because it is too sparse
INFO: [Synth 8-5546] ROM "reg_file_mem_reg[29]" won't be mapped to RAM because it is too sparse
INFO: [Synth 8-5546] ROM "reg_file_mem_reg[30]" won't be mapped to RAM because it is too sparse
INFO: [Synth 8-5546] ROM "reg_file_mem_reg[31]" won't be mapped to RAM because it is too sparse
---------------------------------------------------------------------------------
Finished RTL Optimization Phase 2 : Time (s): cpu = 00:00:05 ; elapsed = 00:00:08 . Memory (MB): peak = 294.957 ; gain = 118.230
---------------------------------------------------------------------------------

Report RTL Partitions: 
+-+--------------+------------+----------+
| |RTL Partition |Replication |Instances |
+-+--------------+------------+----------+
+-+--------------+------------+----------+
No constraint files found.
---------------------------------------------------------------------------------
Start RTL Component Statistics 
---------------------------------------------------------------------------------
Detailed RTL Component Info : 
+---Registers : 
	               32 Bit    Registers := 32    
+---Muxes : 
	   2 Input      1 Bit        Muxes := 32    
---------------------------------------------------------------------------------
Finished RTL Component Statistics 
---------------------------------------------------------------------------------
---------------------------------------------------------------------------------
Start RTL Hierarchical Component Statistics 
---------------------------------------------------------------------------------
Hierarchical RTL Component report 
Module RegFile 
Detailed RTL Component Info : 
+---Registers : 
	               32 Bit    Registers := 32    
+---Muxes : 
	   2 Input      1 Bit        Muxes := 32    
---------------------------------------------------------------------------------
Finished RTL Hierarchical Component Statistics
---------------------------------------------------------------------------------
---------------------------------------------------------------------------------
Start Part Resource Summary
---------------------------------------------------------------------------------
Part Resources:
DSPs: 740 (col length:100)
BRAMs: 730 (col length: RAMB18 100 RAMB36 50)
---------------------------------------------------------------------------------
Finished Part Resource Summary
---------------------------------------------------------------------------------
Start Parallel Synthesis Optimization  : Time (s): cpu = 00:00:09 ; elapsed = 00:00:14 . Memory (MB): peak = 450.875 ; gain = 274.148
---------------------------------------------------------------------------------
Start Cross Boundary Optimization
---------------------------------------------------------------------------------
---------------------------------------------------------------------------------
Finished Cross Boundary Optimization : Time (s): cpu = 00:00:09 ; elapsed = 00:00:14 . Memory (MB): peak = 452.223 ; gain = 275.496
---------------------------------------------------------------------------------
Finished Parallel Reinference  : Time (s): cpu = 00:00:09 ; elapsed = 00:00:14 . Memory (MB): peak = 452.223 ; gain = 275.496

Report RTL Partitions: 
+-+--------------+------------+----------+
| |RTL Partition |Replication |Instances |
+-+--------------+------------+----------+
+-+--------------+------------+----------+
No constraint files found.
---------------------------------------------------------------------------------
Start Area Optimization
---------------------------------------------------------------------------------
---------------------------------------------------------------------------------
Finished Area Optimization : Time (s): cpu = 00:00:10 ; elapsed = 00:00:16 . Memory (MB): peak = 492.656 ; gain = 315.930
---------------------------------------------------------------------------------
Finished Parallel Area Optimization  : Time (s): cpu = 00:00:10 ; elapsed = 00:00:16 . Memory (MB): peak = 492.656 ; gain = 315.930

Report RTL Partitions: 
+-+--------------+------------+----------+
| |RTL Partition |Replication |Instances |
+-+--------------+------------+----------+
+-+--------------+------------+----------+
Finished Parallel Synthesis Optimization  : Time (s): cpu = 00:00:10 ; elapsed = 00:00:16 . Memory (MB): peak = 492.656 ; gain = 315.930
---------------------------------------------------------------------------------
Start Timing Optimization
---------------------------------------------------------------------------------
No constraint files found.
---------------------------------------------------------------------------------
Finished Timing Optimization : Time (s): cpu = 00:00:10 ; elapsed = 00:00:16 . Memory (MB): peak = 492.656 ; gain = 315.930
---------------------------------------------------------------------------------

Report RTL Partitions: 
+-+--------------+------------+----------+
| |RTL Partition |Replication |Instances |
+-+--------------+------------+----------+
+-+--------------+------------+----------+
---------------------------------------------------------------------------------
Start Technology Mapping
---------------------------------------------------------------------------------
---------------------------------------------------------------------------------
Finished Technology Mapping : Time (s): cpu = 00:00:11 ; elapsed = 00:00:16 . Memory (MB): peak = 492.656 ; gain = 315.930
---------------------------------------------------------------------------------

Report RTL Partitions: 
+-+--------------+------------+----------+
| |RTL Partition |Replication |Instances |
+-+--------------+------------+----------+
+-+--------------+------------+----------+
---------------------------------------------------------------------------------
Start IO Insertion
---------------------------------------------------------------------------------
---------------------------------------------------------------------------------
Start Final Netlist Cleanup
---------------------------------------------------------------------------------
---------------------------------------------------------------------------------
Finished Final Netlist Cleanup
---------------------------------------------------------------------------------
---------------------------------------------------------------------------------
Finished IO Insertion : Time (s): cpu = 00:00:11 ; elapsed = 00:00:17 . Memory (MB): peak = 492.656 ; gain = 315.930
---------------------------------------------------------------------------------

Report Check Netlist: 
+------+------------------+-------+---------+-------+------------------+
|      |Item              |Errors |Warnings |Status |Description       |
+------+------------------+-------+---------+-------+------------------+
|1     |multi_driven_nets |      0|        0|Passed |Multi driven nets |
+------+------------------+-------+---------+-------+------------------+
---------------------------------------------------------------------------------
Start Renaming Generated Instances
---------------------------------------------------------------------------------
---------------------------------------------------------------------------------
Finished Renaming Generated Instances : Time (s): cpu = 00:00:11 ; elapsed = 00:00:17 . Memory (MB): peak = 492.656 ; gain = 315.930
---------------------------------------------------------------------------------

Report RTL Partitions: 
+-+--------------+------------+----------+
| |RTL Partition |Replication |Instances |
+-+--------------+------------+----------+
+-+--------------+------------+----------+
---------------------------------------------------------------------------------
Start Rebuilding User Hierarchy
---------------------------------------------------------------------------------
---------------------------------------------------------------------------------
Finished Rebuilding User Hierarchy : Time (s): cpu = 00:00:11 ; elapsed = 00:00:17 . Memory (MB): peak = 492.656 ; gain = 315.930
---------------------------------------------------------------------------------
---------------------------------------------------------------------------------
Start Renaming Generated Ports : Time (s): cpu = 00:00:11 ; elapsed = 00:00:17 . Memory (MB): peak = 492.656 ; gain = 315.930
---------------------------------------------------------------------------------
---------------------------------------------------------------------------------
Finished Renaming Generated Ports : Time (s): cpu = 00:00:11 ; elapsed = 00:00:17 . Memory (MB): peak = 492.656 ; gain = 315.930
---------------------------------------------------------------------------------
---------------------------------------------------------------------------------
Start Writing Synthesis Report
---------------------------------------------------------------------------------

Report BlackBoxes: 
+-+--------------+----------+
| |BlackBox name |Instances |
+-+--------------+----------+
+-+--------------+----------+

Report Cell Usage: 
+------+------+------+
|      |Cell  |Count |
+------+------+------+
|1     |BUFG  |     1|
|2     |LUT6  |   608|
|3     |MUXF7 |   256|
|4     |FDCE  |  1024|
|5     |IBUF  |    50|
|6     |OBUF  |    64|
+------+------+------+

Report Instance Areas: 
+------+---------+-------+------+
|      |Instance |Module |Cells |
+------+---------+-------+------+
|1     |top      |       |  2003|
+------+---------+-------+------+
---------------------------------------------------------------------------------
Finished Writing Synthesis Report : Time (s): cpu = 00:00:11 ; elapsed = 00:00:17 . Memory (MB): peak = 492.656 ; gain = 315.930
---------------------------------------------------------------------------------
Synthesis finished with 0 errors, 0 critical warnings and 0 warnings.
Synthesis Optimization Runtime : Time (s): cpu = 00:00:09 ; elapsed = 00:00:14 . Memory (MB): peak = 492.656 ; gain = 297.582
Synthesis Optimization Complete : Time (s): cpu = 00:00:11 ; elapsed = 00:00:17 . Memory (MB): peak = 492.656 ; gain = 315.930
INFO: [Project 1-571] Translating synthesized netlist
INFO: [Netlist 29-17] Analyzing 50 Unisim elements for replacement
INFO: [Netlist 29-28] Unisim Transformation completed in 0 CPU seconds
WARNING: [Netlist 29-101] Netlist 'RegFile' is not ideal for floorplanning, since the cellview 'RegFile' contains a large number of primitives.  Please consider enabling hierarchy in synthesis if you want to do floorplanning.
INFO: [Project 1-570] Preparing netlist for logic optimization
INFO: [Opt 31-138] Pushed 0 inverter(s) to 0 load pin(s).
INFO: [Project 1-111] Unisim Transformation Summary:
No Unisim elements were transformed.

INFO: [Common 17-83] Releasing license: Synthesis
45 Infos, 1 Warnings, 0 Critical Warnings and 0 Errors encountered.
synth_design completed successfully
synth_design: Time (s): cpu = 00:00:11 ; elapsed = 00:00:19 . Memory (MB): peak = 535.480 ; gain = 344.820
report_utilization: Time (s): cpu = 00:00:01 ; elapsed = 00:00:00.179 . Memory (MB): peak = 535.480 ; gain = 0.000
INFO: [Common 17-206] Exiting Vivado at Mon Oct 05 11:05:10 2015...
